0 info it worked if it ends with ok
1 verbose cli [ '/usr/bin/nodejs', '/usr/bin/npm', 'run', 'build' ]
2 info using npm@3.5.2
3 info using node@v4.2.6
4 verbose run-script [ 'prebuild', 'build', 'postbuild' ]
5 info lifecycle iota-paper-wallet@1.3.1~prebuild: iota-paper-wallet@1.3.1
6 silly lifecycle iota-paper-wallet@1.3.1~prebuild: no script for prebuild, continuing
7 info lifecycle iota-paper-wallet@1.3.1~build: iota-paper-wallet@1.3.1
8 verbose lifecycle iota-paper-wallet@1.3.1~build: unsafe-perm in lifecycle true
9 verbose lifecycle iota-paper-wallet@1.3.1~build: PATH: /usr/share/npm/bin/node-gyp-bin:/home/aran/Documents/Projects/IOTA-Paper-Wallet/node_modules/.bin:/home/aran/bin:/home/aran/.local/bin:/opt/OpenPrinting-Gutenprint/sbin:/opt/OpenPrinting-Gutenprint/bin:/usr/local/sbin:/usr/local/bin:/usr/sbin:/usr/bin:/sbin:/bin:/usr/games:/usr/local/games
10 verbose lifecycle iota-paper-wallet@1.3.1~build: CWD: /home/aran/Documents/Projects/IOTA-Paper-Wallet
11 silly lifecycle iota-paper-wallet@1.3.1~build: Args: [ '-c', 'node ./build/build.js' ]
12 info lifecycle iota-paper-wallet@1.3.1~build: Failed to exec build script
13 verbose stack Error: iota-paper-wallet@1.3.1 build: `node ./build/build.js`
13 verbose stack spawn ENOENT
13 verbose stack     at ChildProcess.<anonymous> (/usr/share/npm/lib/utils/spawn.js:17:16)
13 verbose stack     at emitTwo (events.js:87:13)
13 verbose stack     at ChildProcess.emit (events.js:172:7)
13 verbose stack     at maybeClose (internal/child_process.js:821:16)
13 verbose stack     at Process.ChildProcess._handle.onexit (internal/child_process.js:211:5)
14 verbose pkgid iota-paper-wallet@1.3.1
15 verbose cwd /home/aran/Documents/Projects/IOTA-Paper-Wallet
16 error Linux 4.10.0-38-generic
17 error argv "/usr/bin/nodejs" "/usr/bin/npm" "run" "build"
18 error node v4.2.6
19 error npm  v3.5.2
20 error file sh
21 error code ELIFECYCLE
22 error errno ENOENT
23 error syscall spawn
24 error iota-paper-wallet@1.3.1 build: `node ./build/build.js`
24 error spawn ENOENT
25 error Failed at the iota-paper-wallet@1.3.1 build script 'node ./build/build.js'.
25 error Make sure you have the latest version of node.js and npm installed.
25 error If you do, this is most likely a problem with the iota-paper-wallet package,
25 error not with npm itself.
25 error Tell the author that this fails on your system:
25 error     node ./build/build.js
25 error You can get information on how to open an issue for this project with:
25 error     npm bugs iota-paper-wallet
25 error Or if that isn't available, you can get their info via:
25 error     npm owner ls iota-paper-wallet
25 error There is likely additional logging output above.
26 verbose exit [ 1, true ]
